<?xml version="1.0" encoding="UTF-8"?>
<coverage generated="1659037091">
  <project timestamp="1659037091">
    <file name="/Users/michaelbrauner/Bundles/PHP/Helper/src/Arr.php">
      <class name="Braunstetter\Helper\Arr" namespace="global">
        <metrics complexity="5" methods="3" coveredmethods="3" conditionals="0" coveredconditionals="0" statements="6" coveredstatements="6" elements="9" coveredelements="9"/>
      </class>
      <line num="7" type="method" name="attachClass" visibility="public" complexity="1" crap="1" count="1"/>
      <line num="9" type="stmt" count="1"/>
      <line num="12" type="method" name="attach" visibility="public" complexity="3" crap="3" count="2"/>
      <line num="14" type="stmt" count="2"/>
      <line num="15" type="stmt" count="2"/>
      <line num="16" type="stmt" count="2"/>
      <line num="20" type="stmt" count="2"/>
      <line num="30" type="method" name="firstValue" visibility="public" complexity="1" crap="1" count="1"/>
      <line num="32" type="stmt" count="1"/>
      <metrics loc="34" ncloc="27" classes="1" methods="3" coveredmethods="3" conditionals="0" coveredconditionals="0" statements="6" coveredstatements="6" elements="9" coveredelements="9"/>
    </file>
    <metrics files="1" loc="34" ncloc="27" classes="1" methods="3" coveredmethods="3" conditionals="0" coveredconditionals="0" statements="6" coveredstatements="6" elements="9" coveredelements="9"/>
  </project>
</coverage>
